Loading data...
Will write to: digits_2000ep_60000ts_3l_30hu_.net
Creating network.
Training network.
Max epochs     2000. Desired error: 0.0049999999.
Epochs            1. Current error: 0.2621634007. Bit fail 600000.
Epochs           20. Current error: 0.0919553190. Bit fail 60000.
Epochs           40. Current error: 0.0916155651. Bit fail 60000.
Epochs           60. Current error: 0.0916128308. Bit fail 60000.
Epochs           80. Current error: 0.0989334360. Bit fail 64384.
Epochs          100. Current error: 0.0877911448. Bit fail 57436.
Epochs          120. Current error: 0.0921205953. Bit fail 60014.
Epochs          140. Current error: 0.0888035446. Bit fail 60003.
Epochs          160. Current error: 0.0921322852. Bit fail 60006.
Epochs          180. Current error: 0.0920196995. Bit fail 60004.
Epochs          200. Current error: 0.0916992873. Bit fail 60004.
Epochs          220. Current error: 0.0916288421. Bit fail 60004.
Epochs          240. Current error: 0.0911240503. Bit fail 59635.
Epochs          260. Current error: 0.0911076143. Bit fail 59624.
Epochs          280. Current error: 0.0910661891. Bit fail 59580.
Epochs          300. Current error: 0.0910282582. Bit fail 59562.
Epochs          320. Current error: 0.0908705518. Bit fail 59521.
Epochs          340. Current error: 0.0906402543. Bit fail 59364.
Epochs          360. Current error: 0.0903486684. Bit fail 59215.
Epochs          380. Current error: 0.0902946666. Bit fail 59188.
Epochs          400. Current error: 0.0896571949. Bit fail 58595.
Epochs          420. Current error: 0.0883365273. Bit fail 57791.
Epochs          440. Current error: 0.0875744149. Bit fail 57365.
Epochs          460. Current error: 0.0877194628. Bit fail 57405.
Epochs          480. Current error: 0.0915195569. Bit fail 59774.
Epochs          500. Current error: 0.0884423405. Bit fail 57734.
Epochs          520. Current error: 0.0871523097. Bit fail 57905.
Epochs          540. Current error: 0.0888181627. Bit fail 62470.
Epochs          560. Current error: 0.0868826285. Bit fail 58270.
Epochs          580. Current error: 0.0869592652. Bit fail 58177.
Epochs          600. Current error: 0.0869237706. Bit fail 58141.
Epochs          620. Current error: 0.0867761075. Bit fail 58043.
Epochs          640. Current error: 0.0865771696. Bit fail 57910.
Epochs          660. Current error: 0.0860134587. Bit fail 57316.
Epochs          680. Current error: 0.0852790996. Bit fail 55781.
Epochs          700. Current error: 0.0845853090. Bit fail 55306.
Epochs          720. Current error: 0.0839299113. Bit fail 55040.
Epochs          740. Current error: 0.0833069608. Bit fail 54749.
Epochs          760. Current error: 0.0829072148. Bit fail 54566.
Epochs          780. Current error: 0.0949959680. Bit fail 64518.
Epochs          800. Current error: 0.0824501961. Bit fail 57112.
Epochs          820. Current error: 0.0823245421. Bit fail 56987.
Epochs          840. Current error: 0.0821577907. Bit fail 57038.
Epochs          860. Current error: 0.0819775388. Bit fail 56894.
Epochs          880. Current error: 0.0815114155. Bit fail 57256.
Epochs          900. Current error: 0.0810553879. Bit fail 58416.
Epochs          920. Current error: 0.0806137845. Bit fail 60419.
Epochs          940. Current error: 0.0803044587. Bit fail 61751.
Epochs          960. Current error: 0.0795140415. Bit fail 62698.
Epochs          980. Current error: 0.0786867812. Bit fail 63158.
Epochs         1000. Current error: 0.0784057453. Bit fail 63398.
Epochs         1020. Current error: 0.0783913285. Bit fail 63594.
Epochs         1040. Current error: 0.0782197490. Bit fail 63989.
Epochs         1060. Current error: 0.0779457763. Bit fail 64691.
Epochs         1080. Current error: 0.0778978094. Bit fail 65674.
Epochs         1100. Current error: 0.0776987821. Bit fail 66809.
Epochs         1120. Current error: 0.0765821934. Bit fail 69216.
Epochs         1140. Current error: 0.0754183829. Bit fail 73432.
Epochs         1160. Current error: 0.0744197965. Bit fail 69167.
Epochs         1180. Current error: 0.0724371374. Bit fail 71469.
Epochs         1200. Current error: 0.0712611005. Bit fail 71522.
Epochs         1220. Current error: 0.0711094439. Bit fail 71703.
Epochs         1240. Current error: 0.0712665021. Bit fail 71933.
Epochs         1260. Current error: 0.0711550713. Bit fail 71776.
Epochs         1280. Current error: 0.0709847212. Bit fail 71562.
Epochs         1300. Current error: 0.0709545836. Bit fail 71483.
Epochs         1320. Current error: 0.0710115954. Bit fail 71546.
Epochs         1340. Current error: 0.0710372478. Bit fail 71606.
Epochs         1360. Current error: 0.0711318105. Bit fail 71853.
Epochs         1380. Current error: 0.0712878928. Bit fail 71571.
Epochs         1400. Current error: 0.0712794513. Bit fail 71629.
Epochs         1420. Current error: 0.0712978765. Bit fail 71633.
Epochs         1440. Current error: 0.0712911040. Bit fail 71857.
Epochs         1460. Current error: 0.0711956471. Bit fail 71810.
Epochs         1480. Current error: 0.0711787418. Bit fail 71760.
Epochs         1500. Current error: 0.0711584315. Bit fail 71817.
Epochs         1520. Current error: 0.0711621195. Bit fail 71850.
Epochs         1540. Current error: 0.0711349249. Bit fail 71794.
Epochs         1560. Current error: 0.0711655840. Bit fail 71784.
Epochs         1580. Current error: 0.0711037144. Bit fail 71786.
Epochs         1600. Current error: 0.0711401477. Bit fail 71711.
Epochs         1620. Current error: 0.0711233169. Bit fail 71620.
Epochs         1640. Current error: 0.0711172372. Bit fail 71701.
Epochs         1660. Current error: 0.0779725164. Bit fail 75693.
Epochs         1680. Current error: 0.0710743070. Bit fail 71624.
Epochs         1700. Current error: 0.0710192025. Bit fail 71612.
Epochs         1720. Current error: 0.0709618106. Bit fail 71600.
Epochs         1740. Current error: 0.0710826442. Bit fail 71640.
Epochs         1760. Current error: 0.0711221844. Bit fail 71358.
Epochs         1780. Current error: 0.0704567805. Bit fail 70472.
Epochs         1800. Current error: 0.0698010698. Bit fail 71176.
Epochs         1820. Current error: 0.0693936124. Bit fail 71264.
Epochs         1840. Current error: 0.0689625591. Bit fail 70908.
Epochs         1860. Current error: 0.0682637095. Bit fail 71444.
Epochs         1880. Current error: 0.0676265135. Bit fail 70004.
Epochs         1900. Current error: 0.0674006864. Bit fail 70836.
Epochs         1920. Current error: 0.0672805905. Bit fail 69130.
Epochs         1940. Current error: 0.0671159104. Bit fail 64821.
Epochs         1960. Current error: 0.0670598820. Bit fail 67974.
Epochs         1980. Current error: 0.0669733435. Bit fail 68080.
Epochs         2000. Current error: 0.0668364018. Bit fail 67335.
Cleaning up.
