Loading data...
Will write to: digits_20000ep_60000ts_3l_75hu_.net
Creating network.
Training network.
Epochs            1. MSE: 0.28001. Desired-MSE: 0.02000
Results on validation data: 489 / 5000, 0.097800
Epochs           50. MSE: 0.09428. Desired-MSE: 0.02000
Results on validation data: 553 / 5000, 0.110600
Epochs          100. MSE: 0.12001. Desired-MSE: 0.02000
Results on validation data: 802 / 5000, 0.160400
Epochs          150. MSE: 0.08949. Desired-MSE: 0.02000
Results on validation data: 908 / 5000, 0.181600
Epochs          200. MSE: 0.08664. Desired-MSE: 0.02000
Results on validation data: 1131 / 5000, 0.226200
Epochs          250. MSE: 0.08597. Desired-MSE: 0.02000
Results on validation data: 1946 / 5000, 0.389200
Epochs          300. MSE: 0.07069. Desired-MSE: 0.02000
Results on validation data: 2401 / 5000, 0.480200
Epochs          350. MSE: 0.08698. Desired-MSE: 0.02000
Results on validation data: 2274 / 5000, 0.454800
Epochs          400. MSE: 0.05034. Desired-MSE: 0.02000
Results on validation data: 3670 / 5000, 0.734000
Epochs          450. MSE: 0.05043. Desired-MSE: 0.02000
Results on validation data: 4050 / 5000, 0.810000
Epochs          500. MSE: 0.04796. Desired-MSE: 0.02000
Results on validation data: 3971 / 5000, 0.794200
Epochs          550. MSE: 0.04250. Desired-MSE: 0.02000
Results on validation data: 4145 / 5000, 0.829000
Epochs          600. MSE: 0.03826. Desired-MSE: 0.02000
Results on validation data: 4085 / 5000, 0.817000
Epochs          650. MSE: 0.05149. Desired-MSE: 0.02000
Results on validation data: 3888 / 5000, 0.777600
Epochs          700. MSE: 0.03080. Desired-MSE: 0.02000
Results on validation data: 4337 / 5000, 0.867400
Epochs          750. MSE: 0.02734. Desired-MSE: 0.02000
Results on validation data: 4433 / 5000, 0.886600
Epochs          800. MSE: 0.02992. Desired-MSE: 0.02000
Results on validation data: 4362 / 5000, 0.872400
Epochs          850. MSE: 0.02848. Desired-MSE: 0.02000
Results on validation data: 4398 / 5000, 0.879600
Epochs          900. MSE: 0.02532. Desired-MSE: 0.02000
Results on validation data: 4465 / 5000, 0.893000
Epochs          950. MSE: 0.02363. Desired-MSE: 0.02000
Results on validation data: 4473 / 5000, 0.894600
Epochs         1000. MSE: 0.02363. Desired-MSE: 0.02000
Results on validation data: 4487 / 5000, 0.897400
Epochs         1050. MSE: 0.02245. Desired-MSE: 0.02000
Results on validation data: 4482 / 5000, 0.896400
Epochs         1100. MSE: 0.02344. Desired-MSE: 0.02000
Results on validation data: 4517 / 5000, 0.903400
Epochs         1150. MSE: 0.02224. Desired-MSE: 0.02000
Results on validation data: 4433 / 5000, 0.886600
Epochs         1200. MSE: 0.02288. Desired-MSE: 0.02000
Results on validation data: 4496 / 5000, 0.899200
Epochs         1250. MSE: 0.02180. Desired-MSE: 0.02000
Results on validation data: 4477 / 5000, 0.895400
Epochs         1300. MSE: 0.02166. Desired-MSE: 0.02000
Results on validation data: 4501 / 5000, 0.900200
Epochs         1350. MSE: 0.02146. Desired-MSE: 0.02000
Results on validation data: 4513 / 5000, 0.902600
Epochs         1400. MSE: 0.02107. Desired-MSE: 0.02000
Results on validation data: 4431 / 5000, 0.886200
Epochs         1450. MSE: 0.02050. Desired-MSE: 0.02000
Results on validation data: 4436 / 5000, 0.887200
Epochs         1500. MSE: 0.02294. Desired-MSE: 0.02000
Results on validation data: 4457 / 5000, 0.891400
Epochs         1550. MSE: 0.02169. Desired-MSE: 0.02000
Results on validation data: 4509 / 5000, 0.901800
Epochs         1600. MSE: 0.02298. Desired-MSE: 0.02000
Results on validation data: 4484 / 5000, 0.896800
Epochs         1650. MSE: 0.02447. Desired-MSE: 0.02000
Results on validation data: 4453 / 5000, 0.890600
Epochs         1700. MSE: 0.02319. Desired-MSE: 0.02000
Results on validation data: 4220 / 5000, 0.844000
Epochs         1750. MSE: 0.02205. Desired-MSE: 0.02000
Results on validation data: 4483 / 5000, 0.896600
Epochs         1800. MSE: 0.02188. Desired-MSE: 0.02000
Results on validation data: 4463 / 5000, 0.892600
Epochs         1850. MSE: 0.02161. Desired-MSE: 0.02000
Results on validation data: 4475 / 5000, 0.895000
Epochs         1900. MSE: 0.02185. Desired-MSE: 0.02000
Results on validation data: 4491 / 5000, 0.898200
Epochs         1950. MSE: 0.02283. Desired-MSE: 0.02000
Results on validation data: 4460 / 5000, 0.892000
Epochs         2000. MSE: 0.02323. Desired-MSE: 0.02000
Results on validation data: 4474 / 5000, 0.894800
Epochs         2050. MSE: 0.02238. Desired-MSE: 0.02000
Results on validation data: 4521 / 5000, 0.904200
Epochs         2100. MSE: 0.02184. Desired-MSE: 0.02000
Results on validation data: 4511 / 5000, 0.902200
Epochs         2150. MSE: 0.02175. Desired-MSE: 0.02000
Results on validation data: 4515 / 5000, 0.903000
Epochs         2200. MSE: 0.02164. Desired-MSE: 0.02000
Results on validation data: 4502 / 5000, 0.900400
Epochs         2250. MSE: 0.02214. Desired-MSE: 0.02000
Results on validation data: 4497 / 5000, 0.899400
Epochs         2300. MSE: 0.02194. Desired-MSE: 0.02000
Results on validation data: 4483 / 5000, 0.896600
Epochs         2350. MSE: 0.02196. Desired-MSE: 0.02000
Results on validation data: 4425 / 5000, 0.885000
Epochs         2400. MSE: 0.02291. Desired-MSE: 0.02000
Results on validation data: 4469 / 5000, 0.893800
Epochs         2450. MSE: 0.02151. Desired-MSE: 0.02000
Results on validation data: 4366 / 5000, 0.873200
Epochs         2500. MSE: 0.02099. Desired-MSE: 0.02000
Results on validation data: 4503 / 5000, 0.900600
Epochs         2550. MSE: 0.02093. Desired-MSE: 0.02000
Results on validation data: 4477 / 5000, 0.895400
Epochs         2600. MSE: 0.02042. Desired-MSE: 0.02000
Results on validation data: 4504 / 5000, 0.900800
Epochs         2650. MSE: 0.02399. Desired-MSE: 0.02000
Results on validation data: 4523 / 5000, 0.904600
Epochs         2700. MSE: 0.02880. Desired-MSE: 0.02000
Results on validation data: 4153 / 5000, 0.830600
Epochs         2744. MSE: 0.01995. Desired-MSE: 0.02000
Results on validation data: 4528 / 5000, 0.905600
Cleaning up.
