
gleber@redis04:~/ann$ ./docr 7000 150 75 30
Loading data...
Will write to: digits_7000ep_60000ts_5l_150hu_75hu_30hu_.net
Creating network.
Training network.
Max epochs     7000. Desired error: 0.0199999996.
Epochs            1. Current error: 0.2563286722. Bit fail 600000.
Epochs           30. Current error: 0.0919601619. Bit fail 60000.
Epochs           60. Current error: 0.0916150063. Bit fail 60000.
Epochs           90. Current error: 0.0914551914. Bit fail 60000.
Epochs          120. Current error: 0.0916127712. Bit fail 60000.
Epochs          150. Current error: 0.0917346999. Bit fail 60000.
Epochs          180. Current error: 0.0875737220. Bit fail 68943.
Epochs          210. Current error: 0.0883538574. Bit fail 58077.
Epochs          240. Current error: 0.0882297754. Bit fail 64648.
Epochs          270. Current error: 0.0884514377. Bit fail 64360.
Epochs          300. Current error: 0.0884672776. Bit fail 63784.
Epochs          330. Current error: 0.0884409323. Bit fail 63790.
Epochs          360. Current error: 0.0888577700. Bit fail 60000.
Epochs          390. Current error: 0.0885283500. Bit fail 64377.
Epochs          420. Current error: 0.0886437222. Bit fail 64260.
Epochs          450. Current error: 0.0884153545. Bit fail 63875.
Epochs          480. Current error: 0.0884679034. Bit fail 64100.
Epochs          510. Current error: 0.0885281935. Bit fail 64135.
Epochs          540. Current error: 0.0884890482. Bit fail 64133.
Epochs          570. Current error: 0.0885771364. Bit fail 64138.
Epochs          600. Current error: 0.0884901136. Bit fail 64134.
Epochs          630. Current error: 0.0883833840. Bit fail 64134.
Epochs          660. Current error: 0.0884605646. Bit fail 64133.
Epochs          690. Current error: 0.0885012671. Bit fail 64133.
Epochs          720. Current error: 0.0886512846. Bit fail 64134.
Epochs          750. Current error: 0.0884869248. Bit fail 64151.
Epochs          780. Current error: 0.0884848759. Bit fail 64141.
Epochs          810. Current error: 0.0883863419. Bit fail 64140.
Epochs          840. Current error: 0.0885987878. Bit fail 64142.
Epochs          870. Current error: 0.0884761065. Bit fail 64160.
Epochs          900. Current error: 0.0884894282. Bit fail 64161.
Epochs          930. Current error: 0.0884639472. Bit fail 64161.
Epochs          960. Current error: 0.0886358619. Bit fail 64162.
Epochs          990. Current error: 0.0884506702. Bit fail 64156.
Epochs         1020. Current error: 0.0884741321. Bit fail 64156.
Epochs         1050. Current error: 0.0885248929. Bit fail 64167.
Epochs         1080. Current error: 0.0884737447. Bit fail 64170.
Epochs         1110. Current error: 0.0884553269. Bit fail 64173.
Epochs         1140. Current error: 0.0884771273. Bit fail 64172.
Epochs         1170. Current error: 0.0884764418. Bit fail 64151.
Epochs         1200. Current error: 0.0884758905. Bit fail 64160.
Epochs         1230. Current error: 0.0884115845. Bit fail 64160.
Epochs         1260. Current error: 0.0884323046. Bit fail 64162.
Epochs         1290. Current error: 0.0885277241. Bit fail 64176.
Epochs         1320. Current error: 0.0885841176. Bit fail 64171.
Epochs         1350. Current error: 0.0884403810. Bit fail 64175.
Epochs         1380. Current error: 0.0885261297. Bit fail 64188.
Epochs         1410. Current error: 0.0884811729. Bit fail 64185.
Epochs         1440. Current error: 0.0884371400. Bit fail 64187.
Epochs         1470. Current error: 0.0884501487. Bit fail 64213.
Epochs         1500. Current error: 0.0884510875. Bit fail 64211.
Epochs         1530. Current error: 0.0885545909. Bit fail 64211.
Epochs         1560. Current error: 0.0885203034. Bit fail 64210.
Epochs         1590. Current error: 0.0885547400. Bit fail 64211.
Epochs         1620. Current error: 0.0884468630. Bit fail 64210.
Epochs         1650. Current error: 0.0886115879. Bit fail 64214.
Epochs         1680. Current error: 0.0885682628. Bit fail 64216.
Epochs         1710. Current error: 0.0885561556. Bit fail 64215.
Epochs         1740. Current error: 0.0885713622. Bit fail 64232.
Epochs         1770. Current error: 0.0885880366. Bit fail 64220.
Epochs         1800. Current error: 0.0885569677. Bit fail 64215.
Epochs         1830. Current error: 0.0885619298. Bit fail 64230.
Epochs         1860. Current error: 0.0884885639. Bit fail 64215.
Epochs         1890. Current error: 0.0884707421. Bit fail 64213.
Epochs         1920. Current error: 0.0884606317. Bit fail 64214.
Epochs         1950. Current error: 0.0884477571. Bit fail 64218.
Epochs         1980. Current error: 0.0885909051. Bit fail 64219.
Epochs         2010. Current error: 0.0885068849. Bit fail 64218.
Epochs         2040. Current error: 0.0885597840. Bit fail 64219.
Epochs         2070. Current error: 0.0884461552. Bit fail 64218.
Epochs         2100. Current error: 0.0885128155. Bit fail 64218.
Epochs         2130. Current error: 0.0885524228. Bit fail 64218.
Epochs         2160. Current error: 0.0885669217. Bit fail 64217.
Epochs         2190. Current error: 0.0884494558. Bit fail 64217.
Epochs         2220. Current error: 0.0884726122. Bit fail 64225.
Epochs         2250. Current error: 0.0885238275. Bit fail 64235.
Epochs         2280. Current error: 0.0885382891. Bit fail 64236.
Epochs         2310. Current error: 0.0885234326. Bit fail 64232.
Epochs         2340. Current error: 0.0884951279. Bit fail 64241.
Epochs         2370. Current error: 0.0884745494. Bit fail 64392.
Epochs         2400. Current error: 0.0884661227. Bit fail 64402.


Epochs         2430. Current error: 0.0885193422. Bit fail 64428.
Epochs         2460. Current error: 0.0884572193. Bit fail 64427.
Epochs         2490. Current error: 0.0884787440. Bit fail 64430.
Epochs         2520. Current error: 0.0884659737. Bit fail 64429.
Epochs         2550. Current error: 0.0884709656. Bit fail 64430.
Epochs         2580. Current error: 0.0884735361. Bit fail 64429.
Epochs         2610. Current error: 0.0885056779. Bit fail 64429.
Epochs         2640. Current error: 0.0884656534. Bit fail 64430.
Epochs         2670. Current error: 0.0884234756. Bit fail 64430.
Epochs         2700. Current error: 0.0884775817. Bit fail 64428.
Epochs         2730. Current error: 0.0885101855. Bit fail 64428.
Epochs         2760. Current error: 0.0885212570. Bit fail 64429.
Epochs         2790. Current error: 0.0884748697. Bit fail 64428.
Epochs         2820. Current error: 0.0884141251. Bit fail 64434.
Epochs         2850. Current error: 0.0884707198. Bit fail 64432.
Epochs         2880. Current error: 0.0885462016. Bit fail 64431.
Epochs         2910. Current error: 0.0884585306. Bit fail 64432.
Epochs         2940. Current error: 0.0884961784. Bit fail 64431.
Epochs         2970. Current error: 0.0885406807. Bit fail 64431.
Epochs         3000. Current error: 0.0884466991. Bit fail 64430.
Epochs         3030. Current error: 0.0884766579. Bit fail 64430.
Epochs         3060. Current error: 0.0884807482. Bit fail 64430.
Epochs         3090. Current error: 0.0885300487. Bit fail 64429.
Epochs         3120. Current error: 0.0883868262. Bit fail 64389.
Epochs         3150. Current error: 0.0884731859. Bit fail 64355.
Epochs         3180. Current error: 0.0885052085. Bit fail 64348.
Epochs         3210. Current error: 0.0884871334. Bit fail 64342.
Epochs         3240. Current error: 0.0885030627. Bit fail 64336.
Epochs         3270. Current error: 0.0884573385. Bit fail 64337.
Epochs         3300. Current error: 0.0885166675. Bit fail 64329.
Epochs         3330. Current error: 0.0885070041. Bit fail 64326.
Epochs         3360. Current error: 0.0884941667. Bit fail 64326.
Epochs         3390. Current error: 0.0885560289. Bit fail 64325.
Epochs         3420. Current error: 0.0885353982. Bit fail 64326.
Epochs         3450. Current error: 0.0883791447. Bit fail 64325.
Epochs         3480. Current error: 0.0885318071. Bit fail 64326.
Epochs         3510. Current error: 0.0885239542. Bit fail 64325.
Epochs         3540. Current error: 0.0883956403. Bit fail 64304.
Epochs         3570. Current error: 0.0884996951. Bit fail 64305.
Epochs         3600. Current error: 0.0884916708. Bit fail 64301.
Epochs         3630. Current error: 0.0884022340. Bit fail 64301.
Epochs         3660. Current error: 0.0884524211. Bit fail 64310.
Epochs         3690. Current error: 0.0885258690. Bit fail 64302.
Epochs         3720. Current error: 0.0884941369. Bit fail 64298.
Epochs         3750. Current error: 0.0883412585. Bit fail 64293.
Epochs         3780. Current error: 0.0883671269. Bit fail 64294.
Epochs         3810. Current error: 0.0885193273. Bit fail 64295.
Epochs         3840. Current error: 0.0884995684. Bit fail 64299.
Epochs         3870. Current error: 0.0884325504. Bit fail 64329.
Epochs         3900. Current error: 0.0885666534. Bit fail 64465.
Epochs         3930. Current error: 0.0886389092. Bit fail 64608.
Epochs         3960. Current error: 0.0887054503. Bit fail 64578.
Epochs         3990. Current error: 0.0887300745. Bit fail 64633.
Epochs         4020. Current error: 0.0887275189. Bit fail 64741.
Epochs         4050. Current error: 0.0887516886. Bit fail 64689.
Epochs         4080. Current error: 0.0886676908. Bit fail 64482.
Epochs         4110. Current error: 0.0887022763. Bit fail 64287.
Epochs         4140. Current error: 0.0886056200. Bit fail 64294.
Epochs         4170. Current error: 0.0886986405. Bit fail 64243.
Epochs         4200. Current error: 0.0887176469. Bit fail 64242.
Epochs         4230. Current error: 0.0887043700. Bit fail 64241.
Epochs         4260. Current error: 0.0886895806. Bit fail 64240.
Epochs         4290. Current error: 0.0887892023. Bit fail 64240.
Epochs         4320. Current error: 0.0887042806. Bit fail 64240.
Epochs         4350. Current error: 0.0887169093. Bit fail 64232.
Epochs         4380. Current error: 0.0887347162. Bit fail 64228.
Epochs         4410. Current error: 0.0887285843. Bit fail 64228.
Epochs         4440. Current error: 0.0887062624. Bit fail 64228.
Epochs         4470. Current error: 0.0887139961. Bit fail 64228.
Epochs         4500. Current error: 0.0887273923. Bit fail 64228.
Epochs         4530. Current error: 0.0887151286. Bit fail 64228.
Epochs         4560. Current error: 0.0887045115. Bit fail 64228.
Epochs         4590. Current error: 0.0887208730. Bit fail 64228.
Epochs         4620. Current error: 0.0888160020. Bit fail 64228.
Epochs         4650. Current error: 0.0887230188. Bit fail 64228.
Epochs         4680. Current error: 0.0887298509. Bit fail 64228.
Epochs         4710. Current error: 0.0885984227. Bit fail 64231.
Epochs         4740. Current error: 0.0887101293. Bit fail 64235.
Epochs         4770. Current error: 0.0887011737. Bit fail 64235.
Epochs         4800. Current error: 0.0885897949. Bit fail 64235.
Epochs         4830. Current error: 0.0886933357. Bit fail 64235.
Epochs         4860. Current error: 0.0887439921. Bit fail 64231.
Epochs         4890. Current error: 0.0887057781. Bit fail 64232.
Epochs         4920. Current error: 0.0887185857. Bit fail 64232.
Epochs         4950. Current error: 0.0888122469. Bit fail 64232.
Epochs         4980. Current error: 0.0886920318. Bit fail 64232.
Epochs         5010. Current error: 0.0887176245. Bit fail 64232.
Epochs         5040. Current error: 0.0886927769. Bit fail 64232.
Epochs         5070. Current error: 0.0887170434. Bit fail 64231.
Epochs         5100. Current error: 0.0886989236. Bit fail 64231.
Epochs         5130. Current error: 0.0886839554. Bit fail 64231.
Epochs         5160. Current error: 0.0887015983. Bit fail 64231.
Epochs         5190. Current error: 0.0887193009. Bit fail 64231.
Epochs         5220. Current error: 0.0887800530. Bit fail 64231.
Epochs         5250. Current error: 0.0886982232. Bit fail 64231.
Epochs         5280. Current error: 0.0887591466. Bit fail 64231.
Epochs         5310. Current error: 0.0888007209. Bit fail 64231.
Epochs         5340. Current error: 0.0886875913. Bit fail 64239.
Epochs         5370. Current error: 0.0886609852. Bit fail 64243.
Epochs         5400. Current error: 0.0886715353. Bit fail 64246.
Epochs         5430. Current error: 0.0888109580. Bit fail 64248.
Epochs         5460. Current error: 0.0886351466. Bit fail 64248.
Epochs         5490. Current error: 0.0887756944. Bit fail 64248.
Epochs         5520. Current error: 0.0886642709. Bit fail 64248.
Epochs         5550. Current error: 0.0886542797. Bit fail 64248.
Epochs         5580. Current error: 0.0887723714. Bit fail 64248.
Epochs         5610. Current error: 0.0887334347. Bit fail 64248.
Epochs         5640. Current error: 0.0886784717. Bit fail 64248.
Epochs         5670. Current error: 0.0887825489. Bit fail 64248.
Epochs         5700. Current error: 0.0886639878. Bit fail 64248.
Epochs         5730. Current error: 0.0886864439. Bit fail 64248.
Epochs         5760. Current error: 0.0887669399. Bit fail 64247.
Epochs         5790. Current error: 0.0886664763. Bit fail 64247.
Epochs         5820. Current error: 0.0886558592. Bit fail 64247.
Epochs         5850. Current error: 0.0887832642. Bit fail 64247.
Epochs         5880. Current error: 0.0887034833. Bit fail 64247.
Epochs         5910. Current error: 0.0886532515. Bit fail 64247.
Epochs         5940. Current error: 0.0887951404. Bit fail 64247.
Epochs         5970. Current error: 0.0886468887. Bit fail 64248.
Epochs         6000. Current error: 0.0887151510. Bit fail 64248.
Epochs         6030. Current error: 0.0886495188. Bit fail 64260.
Epochs         6060. Current error: 0.0886021405. Bit fail 64262.
Epochs         6090. Current error: 0.0886259824. Bit fail 64262.
Epochs         6120. Current error: 0.0887165070. Bit fail 64262.
Epochs         6150. Current error: 0.0886329487. Bit fail 64262.
Epochs         6180. Current error: 0.0886317194. Bit fail 64261.
Epochs         6210. Current error: 0.0886342973. Bit fail 64261.
Epochs         6240. Current error: 0.0887445807. Bit fail 64261.
Epochs         6270. Current error: 0.0886107832. Bit fail 64261.
Epochs         6300. Current error: 0.0886390731. Bit fail 64261.
Epochs         6330. Current error: 0.0887409225. Bit fail 64267.
Epochs         6360. Current error: 0.0886011496. Bit fail 64300.
Epochs         6390. Current error: 0.0886650905. Bit fail 64292.
Epochs         6420. Current error: 0.0886573046. Bit fail 64280.
Epochs         6450. Current error: 0.0886231661. Bit fail 64280.
Epochs         6480. Current error: 0.0887480304. Bit fail 64280.
Epochs         6510. Current error: 0.0888098851. Bit fail 64280.
Epochs         6540. Current error: 0.0886250883. Bit fail 64280.
Epochs         6570. Current error: 0.0887491032. Bit fail 64280.
Epochs         6600. Current error: 0.0886712894. Bit fail 64280.
Epochs         6630. Current error: 0.0886821896. Bit fail 64280.
Epochs         6660. Current error: 0.0887654275. Bit fail 64280.
Epochs         6690. Current error: 0.0887554437. Bit fail 64280.
Epochs         6720. Current error: 0.0886363834. Bit fail 64279.
Epochs         6750. Current error: 0.0887486637. Bit fail 64278.
Epochs         6780. Current error: 0.0886848345. Bit fail 64273.
Epochs         6810. Current error: 0.0887611359. Bit fail 64273.
Epochs         6840. Current error: 0.0886518955. Bit fail 64276.
Epochs         6870. Current error: 0.0887446478. Bit fail 64279.
Epochs         6900. Current error: 0.0887818038. Bit fail 64279.
Epochs         6930. Current error: 0.0886370540. Bit fail 64279.
Epochs         6960. Current error: 0.0886084735. Bit fail 64278.
Epochs         6990. Current error: 0.0887491703. Bit fail 64278.
Epochs         7000. Current error: 0.0886988938. Bit fail 64278.
Cleaning up.
gleber@redis04:~/ann$
gleber@redis04:~/ann$
gleber@redis04:~/ann$