Loading data...
Will write to: digits_30000ep_60000ts_3l_150hu_.net
Creating network.
Training network.
Epochs            1. MSE: 0.31391. Desired-MSE: 0.02000
Results on validation data: 520 / 5000, 0.104000
Epochs           50. MSE: 0.09181. Desired-MSE: 0.02000
Results on validation data: 559 / 5000, 0.111800
Epochs          100. MSE: 0.12201. Desired-MSE: 0.02000
Results on validation data: 928 / 5000, 0.185600
Epochs          150. MSE: 0.10284. Desired-MSE: 0.02000
Results on validation data: 904 / 5000, 0.180800
Epochs          200. MSE: 0.11503. Desired-MSE: 0.02000
Results on validation data: 1004 / 5000, 0.200800
Epochs          250. MSE: 0.10265. Desired-MSE: 0.02000
Results on validation data: 1242 / 5000, 0.248400
Epochs          300. MSE: 0.09448. Desired-MSE: 0.02000
Results on validation data: 1259 / 5000, 0.251800
Epochs          350. MSE: 0.09150. Desired-MSE: 0.02000
Results on validation data: 1318 / 5000, 0.263600
Epochs          400. MSE: 0.09246. Desired-MSE: 0.02000
Results on validation data: 2155 / 5000, 0.431000
Epochs          450. MSE: 0.07518. Desired-MSE: 0.02000
Results on validation data: 3056 / 5000, 0.611200
Epochs          500. MSE: 0.07011. Desired-MSE: 0.02000
Results on validation data: 3224 / 5000, 0.644800
Epochs          550. MSE: 0.05614. Desired-MSE: 0.02000
Results on validation data: 3605 / 5000, 0.721000
Epochs          600. MSE: 0.05176. Desired-MSE: 0.02000
Results on validation data: 3997 / 5000, 0.799400
Epochs          650. MSE: 0.03927. Desired-MSE: 0.02000
Results on validation data: 4081 / 5000, 0.816200
Epochs          700. MSE: 0.05281. Desired-MSE: 0.02000
Results on validation data: 3973 / 5000, 0.794600
Epochs          750. MSE: 0.04812. Desired-MSE: 0.02000
Results on validation data: 3677 / 5000, 0.735400
Epochs          800. MSE: 0.05842. Desired-MSE: 0.02000
Results on validation data: 3904 / 5000, 0.780800
Epochs          850. MSE: 0.02977. Desired-MSE: 0.02000
Results on validation data: 4374 / 5000, 0.874800
Epochs          900. MSE: 0.02436. Desired-MSE: 0.02000
Results on validation data: 4481 / 5000, 0.896200
Epochs          950. MSE: 0.02490. Desired-MSE: 0.02000
Results on validation data: 3924 / 5000, 0.784800
Epochs         1000. MSE: 0.02276. Desired-MSE: 0.02000
Results on validation data: 4562 / 5000, 0.912400
Epochs         1050. MSE: 0.02349. Desired-MSE: 0.02000
Results on validation data: 4559 / 5000, 0.911800
Epochs         1100. MSE: 0.02691. Desired-MSE: 0.02000
Results on validation data: 4570 / 5000, 0.914000
Epochs         1150. MSE: 0.02885. Desired-MSE: 0.02000
Results on validation data: 4569 / 5000, 0.913800
Epochs         1200. MSE: 0.02698. Desired-MSE: 0.02000
Results on validation data: 4513 / 5000, 0.902600
Epochs         1250. MSE: 0.02892. Desired-MSE: 0.02000
Results on validation data: 4388 / 5000, 0.877600
Epochs         1300. MSE: 0.03064. Desired-MSE: 0.02000
Results on validation data: 4385 / 5000, 0.877000
Epochs         1350. MSE: 0.03167. Desired-MSE: 0.02000
Results on validation data: 4388 / 5000, 0.877600
Epochs         1400. MSE: 0.02833. Desired-MSE: 0.02000
Results on validation data: 4514 / 5000, 0.902800
Epochs         1450. MSE: 0.02468. Desired-MSE: 0.02000
Results on validation data: 4514 / 5000, 0.902800
Epochs         1500. MSE: 0.02654. Desired-MSE: 0.02000
Results on validation data: 4545 / 5000, 0.909000
Epochs         1550. MSE: 0.02438. Desired-MSE: 0.02000
Results on validation data: 4515 / 5000, 0.903000
Epochs         1600. MSE: 0.02249. Desired-MSE: 0.02000
Results on validation data: 4572 / 5000, 0.914400
Epochs         1650. MSE: 0.02126. Desired-MSE: 0.02000
Results on validation data: 4571 / 5000, 0.914200
Epochs         1674. MSE: 0.01999. Desired-MSE: 0.02000
Results on validation data: 4586 / 5000, 0.917200
Cleaning up.
